<?xml version="1.0" encoding="UTF-8"?>
<testng-results skipped="0" failed="0" ignored="0" total="1" passed="1">
  <reporter-output>
    <line>
      <![CDATA[STEP1]]>
    </line>
    <line>
      <![CDATA[STEP2]]>
    </line>
    <line>
      <![CDATA[STEP3]]>
    </line>
    <line>
      <![CDATA[STEP4]]>
    </line>
    <line>
      <![CDATA[STEP5]]>
    </line>
    <line>
      <![CDATA[STEP6]]>
    </line>
    <line>
      <![CDATA[STEP7]]>
    </line>
    <line>
      <![CDATA[STEP8]]>
    </line>
    <line>
      <![CDATA[STEP9]]>
    </line>
    <line>
      <![CDATA[STEP10]]>
    </line>
    <line>
      <![CDATA[STEP11]]>
    </line>
    <line>
      <![CDATA[STEP12]]>
    </line>
    <line>
      <![CDATA[STEP13]]>
    </line>
    <line>
      <![CDATA[STEP14]]>
    </line>
    <line>
      <![CDATA[STEP15]]>
    </line>
    <line>
      <![CDATA[STEP16]]>
    </line>
    <line>
      <![CDATA[STEP17]]>
    </line>
    <line>
      <![CDATA[STEP18]]>
    </line>
    <line>
      <![CDATA[STEP19]]>
    </line>
    <line>
      <![CDATA[STEP20]]>
    </line>
    <line>
      <![CDATA[STEP21]]>
    </line>
    <line>
      <![CDATA[STEP22]]>
    </line>
  </reporter-output>
  <suite name="Default suite" duration-ms="46932" started-at="2018-12-22T07:19:25Z" finished-at="2018-12-22T07:20:12Z">
    <groups>
    </groups>
    <test name="Default test" duration-ms="46932" started-at="2018-12-22T07:19:25Z" finished-at="2018-12-22T07:20:12Z">
      <class name="testsuite.TestSuite1">
        <test-method status="PASS" signature="bc()[pri:0, instance:testsuite.TestSuite1@42d80b78]" name="bc" is-config="true" duration-ms="7101" started-at="2018-12-22T07:19:25Z" finished-at="2018-12-22T07:19:32Z">
          <reporter-output>
            <line>
              <![CDATA[STEP1]]>
            </line>
          </reporter-output>
        </test-method> <!-- bc -->
        <test-method status="PASS" signature="bm()[pri:0, instance:testsuite.TestSuite1@42d80b78]" name="bm" is-config="true" duration-ms="23925" started-at="2018-12-22T07:19:33Z" finished-at="2018-12-22T07:19:57Z">
          <reporter-output>
            <line>
              <![CDATA[STEP2]]>
            </line>
            <line>
              <![CDATA[STEP3]]>
            </line>
            <line>
              <![CDATA[STEP4]]>
            </line>
            <line>
              <![CDATA[STEP5]]>
            </line>
            <line>
              <![CDATA[STEP6]]>
            </line>
            <line>
              <![CDATA[STEP7]]>
            </line>
            <line>
              <![CDATA[STEP8]]>
            </line>
            <line>
              <![CDATA[STEP9]]>
            </line>
            <line>
              <![CDATA[STEP10]]>
            </line>
          </reporter-output>
        </test-method> <!-- bm -->
        <test-method status="PASS" signature="positive_login(java.lang.String, java.lang.String)[pri:0, instance:testsuite.TestSuite1@42d80b78]" name="positive_login" duration-ms="13889" started-at="2018-12-22T07:19:57Z" data-provider="positive_data" finished-at="2018-12-22T07:20:11Z">
          <params>
            <param index="0">
              <value>
                <![CDATA[natarajan.ramanathan93@gmail.com]]>
              </value>
            </param>
            <param index="1">
              <value>
                <![CDATA[Welcome123]]>
              </value>
            </param>
          </params>
          <reporter-output>
            <line>
              <![CDATA[STEP11]]>
            </line>
            <line>
              <![CDATA[STEP12]]>
            </line>
            <line>
              <![CDATA[STEP13]]>
            </line>
            <line>
              <![CDATA[STEP14]]>
            </line>
            <line>
              <![CDATA[STEP15]]>
            </line>
            <line>
              <![CDATA[STEP16]]>
            </line>
            <line>
              <![CDATA[STEP17]]>
            </line>
            <line>
              <![CDATA[STEP18]]>
            </line>
            <line>
              <![CDATA[STEP19]]>
            </line>
            <line>
              <![CDATA[STEP20]]>
            </line>
            <line>
              <![CDATA[STEP21]]>
            </line>
            <line>
              <![CDATA[STEP22]]>
            </line>
          </reporter-output>
        </test-method> <!-- positive_login -->
        <test-method status="PASS" signature="ac()[pri:0, instance:testsuite.TestSuite1@42d80b78]" name="ac" is-config="true" duration-ms="1049" started-at="2018-12-22T07:20:11Z" finished-at="2018-12-22T07:20:12Z">
          <reporter-output>
          </reporter-output>
        </test-method> <!-- ac -->
      </class> <!-- testsuite.TestSuite1 -->
    </test> <!-- Default test -->
  </suite> <!-- Default suite -->
</testng-results>
